<?xml version="1.0" encoding="UTF-8"?>
<!-- Generated by org.testng.reporters.JUnitReportReporter -->
<testsuite skipped="0" hostname="IBM419-PC0ER3NU" name="com.training.sanity.tests.loginasAdmin" tests="1" failures="0" timestamp="09 Jan 2019 10:28:10 GMT" time="15.257" errors="0">
  <testcase name="validloginasAdmin" time="15.257" classname="com.training.sanity.tests.loginasAdmin"/>
</testsuite> <!-- com.training.sanity.tests.loginasAdmin -->
