<?xml version="1.0" encoding="UTF-8"?>
<!-- Generated by org.testng.reporters.JUnitReportReporter -->
<testsuite skipped="0" hostname="IBM419-PC0ER3NU" name="com.training.sanity.tests.LoginTest" tests="1" failures="0" timestamp="09 Jan 2019 08:46:53 GMT" time="17.177" errors="0">
  <testcase name="validLoginTest" time="17.177" classname="com.training.sanity.tests.LoginTest"/>
</testsuite> <!-- com.training.sanity.tests.LoginTest -->
